Using cpu or mps
Args in experiment:
[1mBasic Config[0m
  Task Name:          long_term_forecast  Is Training:        1                   
  Model ID:           ETTh1_96_96         Model:              DLinear             

[1mData Loader[0m
  Data:               ETTh1               Root Path:          ./dataset/ETT-small/
  Data Path:          ETTh1.csv           Features:           M                   
  Target:             OT                  Freq:               h                   
  Checkpoints:        ./checkpoints/      

[1mForecasting Task[0m
  Seq Len:            96                  Label Len:          48                  
  Pred Len:           96                  Seasonal Patterns:  Monthly             
  Inverse:            0                   

[1mModel Parameters[0m
  Top k:              5                   Num Kernels:        6                   
  Enc In:             7                   Dec In:             7                   
  C Out:              7                   d model:            512                 
  n heads:            8                   e layers:           2                   
  d layers:           1                   d FF:               2048                
  Moving Avg:         25                  Factor:             1                   
  Distil:             1                   Dropout:            0.1                 
  Embed:              timeF               Activation:         gelu                

[1mRun Parameters[0m
  Num Workers:        10                  Itr:                1                   
  Train Epochs:       1                   Batch Size:         8                   
  Patience:           3                   Learning Rate:      0.005               
  Des:                Exp                 Loss:               MSE                 
  Lradj:              type1               Use Amp:            0                   

[1mGPU[0m
  Use GPU:            0                   GPU:                0                   
  Use Multi GPU:      0                   Devices:            0,1,2,3             

[1mDe-stationary Projector Params[0m
  P Hidden Dims:      128, 128            P Hidden Layers:    2                   

Use CPU
🚀 Lazy Loading: DLinear ...
>>>>>>>start training : long_term_forecast_ETTh1_96_96_DLinear_ETTh1_ftM_sl96_ll48_pl96_dm512_nh8_el2_dl1_df2048_expand2_dc4_fc1_ebtimeF_dtTrue_Exp_0>>>>>>>>>>>>>>>>>>>>>>>>>>
train 8449
val 2785
test 2785
	iters: 100, epoch: 1 | loss: 0.2732163
	speed: 0.2244s/iter; left time: 214.9353s
	iters: 200, epoch: 1 | loss: 0.3254335
	speed: 0.0006s/iter; left time: 0.4906s
	iters: 300, epoch: 1 | loss: 0.7367250
	speed: 0.0006s/iter; left time: 0.4618s
	iters: 400, epoch: 1 | loss: 0.3826670
	speed: 0.0006s/iter; left time: 0.4033s
	iters: 500, epoch: 1 | loss: 0.3246003
	speed: 0.0006s/iter; left time: 0.3477s
	iters: 600, epoch: 1 | loss: 0.3776032
	speed: 0.0006s/iter; left time: 0.2819s
	iters: 700, epoch: 1 | loss: 0.6223820
	speed: 0.0006s/iter; left time: 0.2030s
	iters: 800, epoch: 1 | loss: 0.3102027
	speed: 0.0006s/iter; left time: 0.1421s
	iters: 900, epoch: 1 | loss: 0.3361202
	speed: 0.0005s/iter; left time: 0.0815s
	iters: 1000, epoch: 1 | loss: 0.3637792
	speed: 0.0005s/iter; left time: 0.0300s
Epoch: 1 cost time: 72.28609681129456
Epoch: 1, Steps: 1057 | Train Loss: 0.3860245 Vali Loss: 0.6805578 Test Loss: 0.4421725
Validation loss decreased (inf --> 0.680558).  Saving model ...
Updating learning rate to 0.005
>>>>>>>testing : long_term_forecast_ETTh1_96_96_DLinear_ETTh1_ftM_sl96_ll48_pl96_dm512_nh8_el2_dl1_df2048_expand2_dc4_fc1_ebtimeF_dtTrue_Exp_0<<<<<<<<<<<<<<<<<<<<<<<<<<<<<<<<<
test 2785
test shape: (2785, 96, 7) (2785, 96, 7)
test shape: (2785, 96, 7) (2785, 96, 7)
mse:0.44220831990242004, mae:0.45599865913391113, dtw:Not calculated
